[debug] [2023-10-29T10:44:00.589Z] ----------------------------------------------------------------------
[debug] [2023-10-29T10:44:00.590Z] Command:       C:\Program Files\nodejs\node.exe C:\Users\Kuldeep\AppData\Roaming\npm\node_modules\firebase-tools\lib\bin\firebase.js init
[debug] [2023-10-29T10:44:00.591Z] CLI Version:   12.7.0
[debug] [2023-10-29T10:44:00.591Z] Platform:      win32
[debug] [2023-10-29T10:44:00.591Z] Node Version:  v18.18.0
[debug] [2023-10-29T10:44:00.592Z] Time:          Sun Oct 29 2023 16:14:00 GMT+0530 (India Standard Time)
[debug] [2023-10-29T10:44:00.592Z] ----------------------------------------------------------------------
[debug] 
[debug] [2023-10-29T10:44:00.597Z] > command requires scopes: ["email","openid","https://www.googleapis.com/auth/cloudplatformprojects.readonly","https://www.googleapis.com/auth/firebase","https://www.googleapis.com/auth/cloud-platform"]
[debug] [2023-10-29T10:44:00.597Z] > authorizing via signed-in user (kuldeepsinghrajpoot40@gmail.com)
[info] 
     ######## #### ########  ######## ########     ###     ######  ########
     ##        ##  ##     ## ##       ##     ##  ##   ##  ##       ##
     ######    ##  ########  ######   ########  #########  ######  ######
     ##        ##  ##    ##  ##       ##     ## ##     ##       ## ##
     ##       #### ##     ## ######## ########  ##     ##  ######  ########

You're about to initialize a Firebase project in this directory:

  O:\hospital

[info] 
=== Project Setup
[info] 
[info] First, let's associate this project directory with a Firebase project.
[info] You can create multiple project aliases by running firebase use --add, 
[info] but for now we'll just set up a default project.
[info] 
